<?xml version="1.0" encoding="UTF-8"?>
<testng-results ignored="0" total="1" passed="1" failed="0" skipped="0">
  <reporter-output>
  </reporter-output>
  <suite started-at="2024-11-21T21:38:20 IST" name="Default suite" finished-at="2024-11-21T21:38:21 IST" duration-ms="521">
    <groups>
    </groups>
    <test started-at="2024-11-21T21:38:20 IST" name="Default test" finished-at="2024-11-21T21:38:21 IST" duration-ms="521">
      <class name="PS1">
        <test-method is-config="true" signature="login()[pri:0, instance:PS1@769f71a9]" started-at="2024-11-21T21:38:21 IST" name="login" finished-at="2024-11-21T21:38:21 IST" duration-ms="59" status="PASS">
          <reporter-output>
          </reporter-output>
        </test-method> <!-- login -->
        <test-method signature="getValue()[pri:0, instance:PS1@769f71a9]" started-at="2024-11-21T21:38:21 IST" name="getValue" finished-at="2024-11-21T21:38:21 IST" duration-ms="148" status="PASS">
          <reporter-output>
          </reporter-output>
        </test-method> <!-- getValue -->
      </class> <!-- PS1 -->
    </test> <!-- Default test -->
  </suite> <!-- Default suite -->
</testng-results>
